<?xml version="1.0" encoding="UTF-8"?>
<!-- Generated by org.testng.reporters.JUnitXMLReporter -->
<testsuite ignored="0" hostname="DESKTOP-TPO04OI" failures="0" tests="3" name="Default test" time="0.314" errors="0" timestamp="2022-07-08T14:23:13 IST">
  <testcase classname="tests.TestClassNG" name="@BeforeTest launchBrowser" time="-1.657270393109E9">
    <failure type="org.testng.TestNGException" message="
Parameter &amp;apos;browserName&amp;apos; is required by BeforeTest on method launchBrowser but has not been marked @Optional or defined
in C:\Users\Swaraj\AppData\Local\Temp\testng-eclipse-281317596\testng-customsuite.xml">
      <![CDATA[org.testng.TestNGException: 
Parameter 'browserName' is required by BeforeTest on method launchBrowser but has not been marked @Optional or defined
in C:\Users\Swaraj\AppData\Local\Temp\testng-eclipse-281317596\testng-customsuite.xml
at org.testng.internal.Parameters.createParams(Parameters.java:270)
at org.testng.internal.Parameters.createParametersForMethod(Parameters.java:358)
at org.testng.internal.Parameters.createParameters(Parameters.java:700)
at org.testng.internal.Parameters.createConfigurationParameters(Parameters.java:168)
at org.testng.internal.ConfigInvoker.invokeConfigurations(ConfigInvoker.java:302)
at org.testng.TestRunner.invokeTestConfigurations(TestRunner.java:637)
at org.testng.TestRunner.beforeRun(TestRunner.java:627)
at org.testng.TestRunner.run(TestRunner.java:589)
at org.testng.SuiteRunner.runTest(SuiteRunner.java:377)
at org.testng.SuiteRunner.runSequentially(SuiteRunner.java:371)
at org.testng.SuiteRunner.privateRun(SuiteRunner.java:332)
at org.testng.SuiteRunner.run(SuiteRunner.java:276)
at org.testng.SuiteRunnerWorker.runSuite(SuiteRunnerWorker.java:53)
at org.testng.SuiteRunnerWorker.run(SuiteRunnerWorker.java:96)
at org.testng.TestNG.runSuitesSequentially(TestNG.java:1212)
at org.testng.TestNG.runSuitesLocally(TestNG.java:1134)
at org.testng.TestNG.runSuites(TestNG.java:1063)
at org.testng.TestNG.run(TestNG.java:1031)
at org.testng.remote.AbstractRemoteTestNG.run(AbstractRemoteTestNG.java:115)
at org.testng.remote.RemoteTestNG.initAndRun(RemoteTestNG.java:251)
at org.testng.remote.RemoteTestNG.main(RemoteTestNG.java:77)
]]>
    </failure>
  </testcase> <!-- @BeforeTest launchBrowser -->
  <testcase classname="tests.TestClassNG" name="@BeforeClass createObject" time="-1.657270393224E9">
    <skipped/>
  </testcase> <!-- @BeforeClass createObject -->
  <testcase classname="tests.TestClassNG" name="@BeforeMethod testLoginPage" time="-1.657270393275E9">
    <skipped/>
  </testcase> <!-- @BeforeMethod testLoginPage -->
  <testcase classname="tests.TestClassNG" name="@AfterMethod logOutApplication" time="-1.657270393313E9">
    <skipped/>
  </testcase> <!-- @AfterMethod logOutApplication -->
  <testcase classname="tests.TestClassNG" name="@BeforeMethod testLoginPage" time="-1.657270393328E9">
    <skipped/>
  </testcase> <!-- @BeforeMethod testLoginPage -->
  <testcase classname="tests.TestClassNG" name="@AfterMethod logOutApplication" time="-1.657270393354E9">
    <skipped/>
  </testcase> <!-- @AfterMethod logOutApplication -->
  <testcase classname="tests.TestClassNG" name="@BeforeMethod testLoginPage" time="-1.657270393359E9">
    <skipped/>
  </testcase> <!-- @BeforeMethod testLoginPage -->
  <testcase classname="tests.TestClassNG" name="@AfterMethod logOutApplication" time="-1.657270393386E9">
    <skipped/>
  </testcase> <!-- @AfterMethod logOutApplication -->
  <testcase classname="tests.TestClassNG" name="@AfterClass deleteObject" time="-1.657270393402E9">
    <skipped/>
  </testcase> <!-- @AfterClass deleteObject -->
  <testcase classname="tests.TestClassNG" name="@AfterTest closeApplication" time="-1.657270393403E9">
    <skipped/>
  </testcase> <!-- @AfterTest closeApplication -->
  <testcase classname="tests.TestClassNG" name="testTaskList" time="0.0">
    <skipped/>
  </testcase> <!-- testTaskList -->
  <testcase classname="tests.TestClassNG" name="testUserList" time="0.0">
    <skipped/>
  </testcase> <!-- testUserList -->
  <testcase classname="tests.TestClassNG" name="testReportDashBoard" time="0.0">
    <skipped/>
  </testcase> <!-- testReportDashBoard -->
</testsuite> <!-- Default test -->
